<?xml version="1.0" encoding="UTF-8"?>
<testsuite name="Busqueda de convocatorias en la pagina de Choucair Testing" tests="2" skipped="0" failures="0" errors="0" timestamp="2021-04-28T15:58:55" hostname="JONATHANCONRADO" time="75.225">
  <properties/>
  <testcase name="Busqueda incorrecta de convocatorias en Chourcair" classname="Busqueda de convocatorias en la pagina de Choucair Testing" time="35.833"/>
  <testcase name="Busqueda incorrecta de convocatorias en Chourcair" classname="Busqueda de convocatorias en la pagina de Choucair Testing" time="39.389"/>
  <system-out><![CDATA[]]></system-out>
  <system-err><![CDATA[abr. 28, 2021 10:58:56 A. M. org.openqa.selenium.remote.DesiredCapabilities chrome
INFO: Using `new ChromeOptions()` is preferred to `DesiredCapabilities.chrome()`
Starting ChromeDriver 90.0.4430.24 (4c6d850f087da467d926e8eddb76550aed655991-refs/branch-heads/4430@{#429}) on port 32661
Only local connections are allowed.
Please see https://chromedriver.chromium.org/security-considerations for suggestions on keeping ChromeDriver safe.
ChromeDriver was started successfully.
abr. 28, 2021 10:58:57 A. M. org.openqa.selenium.remote.ProtocolHandshake createSession
INFO: Detected dialect: W3C
abr. 28, 2021 10:59:31 A. M. org.openqa.selenium.remote.DesiredCapabilities chrome
INFO: Using `new ChromeOptions()` is preferred to `DesiredCapabilities.chrome()`
abr. 28, 2021 10:59:32 A. M. org.openqa.selenium.remote.ProtocolHandshake createSession
INFO: Detected dialect: W3C
]]></system-err>
</testsuite>
